<?xml version="1.0" encoding="UTF-8"?>
<!-- Generated by org.testng.reporters.JUnitReportReporter -->
<testsuite hostname="DESKTOP-QUSVQOE" failures="0" tests="4" name="api.test.userTest" time="8.672" errors="0" timestamp="2024-09-27T18:40:31 IST" skipped="0">
  <testcase classname="api.test.userTest" name="Testpostuser" time="4.199"/>
  <testcase classname="api.test.userTest" name="testgetuserbyname" time="1.129"/>
  <testcase classname="api.test.userTest" name="Testupdateuserbyname" time="2.230"/>
  <testcase classname="api.test.userTest" name="TestdeleteUser" time="1.114"/>
</testsuite> <!-- api.test.userTest -->
