<?xml version="1.0" encoding="UTF-8"?>
<!-- Generated by org.testng.reporters.JUnitReportReporter -->
<testsuite hostname="DESKTOP-QUSVQOE" failures="0" tests="4" name="api.test.userTest" time="14.184" errors="0" timestamp="2024-09-23T18:55:13 IST" skipped="0">
  <testcase classname="api.test.userTest" name="Testpostuser" time="6.729"/>
  <testcase classname="api.test.userTest" name="testgetuserbyname" time="2.677"/>
  <testcase classname="api.test.userTest" name="Testupdateuserbyname" time="3.631"/>
  <testcase classname="api.test.userTest" name="TestdeleteUser" time="1.147"/>
</testsuite> <!-- api.test.userTest -->
