<?xml version="1.0" encoding="UTF-8"?>
<!-- Generated by org.testng.reporters.JUnitReportReporter -->
<testsuite hostname="DESKTOP-QUSVQOE" failures="0" tests="6" name="api.test.DDTEST" time="12.998" errors="0" timestamp="2024-09-23T14:08:59 IST" skipped="0">
  <testcase classname="api.test.DDTEST" name="testpostuser" time="1.158"/>
  <testcase classname="api.test.DDTEST" name="testpostuser" time="1.137"/>
  <testcase classname="api.test.DDTEST" name="testpostuser" time="7.169"/>
  <testcase classname="api.test.DDTEST" name="Testdelete" time="1.123"/>
  <testcase classname="api.test.DDTEST" name="Testdelete" time="1.292"/>
  <testcase classname="api.test.DDTEST" name="Testdelete" time="1.119"/>
</testsuite> <!-- api.test.DDTEST -->
