<?xml version="1.0" encoding="UTF-8"?>
<!-- Generated by org.testng.reporters.JUnitReportReporter -->
<testsuite hostname="DESKTOP-QUSVQOE" failures="0" tests="1" name="api.test.petorderTest" time="1.167" errors="0" timestamp="2024-09-27T12:55:23 IST" skipped="0">
  <testcase classname="api.test.petorderTest" name="testpostuser1" time="1.167"/>
</testsuite> <!-- api.test.petorderTest -->
