<?xml version="1.0" encoding="UTF-8"?>
<!-- Generated by org.testng.reporters.JUnitReportReporter -->
<testsuite hostname="DESKTOP-QUSVQOE" failures="0" tests="4" name="api.test.userTest" time="10.535" errors="0" timestamp="2024-09-27T12:55:23 IST" skipped="0">
  <testcase classname="api.test.userTest" name="Testpostuser" time="5.415"/>
  <testcase classname="api.test.userTest" name="testgetuserbyname" time="1.271"/>
  <testcase classname="api.test.userTest" name="Testupdateuserbyname" time="2.546"/>
  <testcase classname="api.test.userTest" name="TestdeleteUser" time="1.303"/>
</testsuite> <!-- api.test.userTest -->
