<?xml version="1.0" encoding="UTF-8"?>
<!-- Generated by org.testng.reporters.JUnitReportReporter -->
<testsuite hostname="DESKTOP-QUSVQOE" failures="0" tests="6" name="api.test.DDTEST" time="8.701" errors="0" timestamp="2024-09-27T12:55:23 IST" skipped="0">
  <testcase classname="api.test.DDTEST" name="testpostuser" time="1.159"/>
  <testcase classname="api.test.DDTEST" name="testpostuser" time="1.605"/>
  <testcase classname="api.test.DDTEST" name="testpostuser" time="2.490"/>
  <testcase classname="api.test.DDTEST" name="Testdelete" time="1.167"/>
  <testcase classname="api.test.DDTEST" name="Testdelete" time="1.135"/>
  <testcase classname="api.test.DDTEST" name="Testdelete" time="1.145"/>
</testsuite> <!-- api.test.DDTEST -->
